【myallocate.h: 130】__DefaultAllocTemplate<0,0>::allocate使用二级空间配置器分配129 Bytes个空间
【myallocate.h: 70】_MallocAllocTemplate<0>::allocate使用一级空间配置器分配129Bytes个空间
【myallocate.h: 130】__DefaultAllocTemplate<0,0>::allocate使用二级空间配置器分配12 Bytes个空间
【myallocate.h: 169】__DefaultAllocTemplate<0,0>::Refill使用二级空间配置器向内存池申请16Bytes个空间
【myallocate.h: 198】__DefaultAllocTemplate<0,0>::ChuncAlloc使用二级空间配置器向内存池申请320Bytes个空间
【myallocate.h: 198】__DefaultAllocTemplate<0,0>::ChuncAlloc使用二级空间配置器向内存池申请320Bytes个空间
【myallocate.h: 205】__DefaultAllocTemplate<0,0>::ChuncAlloc内存池分配20个对象
【myallocate.h: 130】__DefaultAllocTemplate<0,0>::allocate使用二级空间配置器分配12 Bytes个空间
【myallocate.h: 130】__DefaultAllocTemplate<0,0>::allocate使用二级空间配置器分配12 Bytes个空间
【myallocate.h: 130】__DefaultAllocTemplate<0,0>::allocate使用二级空间配置器分配12 Bytes个空间
【myallocate.h: 130】__DefaultAllocTemplate<0,0>::allocate使用二级空间配置器分配12 Bytes个空间
【myallocate.h: 130】__DefaultAllocTemplate<0,0>::allocate使用二级空间配置器分配12 Bytes个空间
【myallocate.h: 130】__DefaultAllocTemplate<0,0>::allocate使用二级空间配置器分配12 Bytes个空间
【myallocate.h: 130】__DefaultAllocTemplate<0,0>::allocate使用二级空间配置器分配12 Bytes个空间
【myallocate.h: 130】__DefaultAllocTemplate<0,0>::allocate使用二级空间配置器分配12 Bytes个空间
【myallocate.h: 130】__DefaultAllocTemplate<0,0>::allocate使用二级空间配置器分配12 Bytes个空间
【myallocate.h: 130】__DefaultAllocTemplate<0,0>::allocate使用二级空间配置器分配12 Bytes个空间
【myallocate.h: 130】__DefaultAllocTemplate<0,0>::allocate使用二级空间配置器分配12 Bytes个空间
【myallocate.h: 130】__DefaultAllocTemplate<0,0>::allocate使用二级空间配置器分配12 Bytes个空间
【myallocate.h: 130】__DefaultAllocTemplate<0,0>::allocate使用二级空间配置器分配12 Bytes个空间
【myallocate.h: 130】__DefaultAllocTemplate<0,0>::allocate使用二级空间配置器分配12 Bytes个空间
【myallocate.h: 130】__DefaultAllocTemplate<0,0>::allocate使用二级空间配置器分配12 Bytes个空间
【myallocate.h: 130】__DefaultAllocTemplate<0,0>::allocate使用二级空间配置器分配12 Bytes个空间
【myallocate.h: 130】__DefaultAllocTemplate<0,0>::allocate使用二级空间配置器分配12 Bytes个空间
【myallocate.h: 130】__DefaultAllocTemplate<0,0>::allocate使用二级空间配置器分配12 Bytes个空间
【myallocate.h: 130】__DefaultAllocTemplate<0,0>::allocate使用二级空间配置器分配12 Bytes个空间
【myallocate.h: 130】__DefaultAllocTemplate<0,0>::allocate使用二级空间配置器分配12 Bytes个空间
【myallocate.h: 169】__DefaultAllocTemplate<0,0>::Refill使用二级空间配置器向内存池申请16Bytes个空间
【myallocate.h: 198】__DefaultAllocTemplate<0,0>::ChuncAlloc使用二级空间配置器向内存池申请320Bytes个空间
【myallocate.h: 205】__DefaultAllocTemplate<0,0>::ChuncAlloc内存池分配20个对象
【myallocate.h: 151】__DefaultAllocTemplate<0,0>::deallocate使用一级空间配置器释放12Bytes个空间---0x00F0F890 
【myallocate.h: 151】__DefaultAllocTemplate<0,0>::deallocate使用一级空间配置器释放12Bytes个空间---0x00F0F880 
【myallocate.h: 151】__DefaultAllocTemplate<0,0>::deallocate使用一级空间配置器释放12Bytes个空间---0x00F0F870 
【myallocate.h: 151】__DefaultAllocTemplate<0,0>::deallocate使用一级空间配置器释放12Bytes个空间---0x00F0F860 
【myallocate.h: 151】__DefaultAllocTemplate<0,0>::deallocate使用一级空间配置器释放12Bytes个空间---0x00F0F850 
【myallocate.h: 151】__DefaultAllocTemplate<0,0>::deallocate使用一级空间配置器释放12Bytes个空间---0x00F0F840 
【myallocate.h: 151】__DefaultAllocTemplate<0,0>::deallocate使用一级空间配置器释放12Bytes个空间---0x00F0F830 
【myallocate.h: 151】__DefaultAllocTemplate<0,0>::deallocate使用一级空间配置器释放12Bytes个空间---0x00F0F820 
【myallocate.h: 151】__DefaultAllocTemplate<0,0>::deallocate使用一级空间配置器释放12Bytes个空间---0x00F0F810 
【myallocate.h: 151】__DefaultAllocTemplate<0,0>::deallocate使用一级空间配置器释放12Bytes个空间---0x00F0F800 
【myallocate.h: 151】__DefaultAllocTemplate<0,0>::deallocate使用一级空间配置器释放12Bytes个空间---0x00F0F7F0 
【myallocate.h: 151】__DefaultAllocTemplate<0,0>::deallocate使用一级空间配置器释放12Bytes个空间---0x00F0F7E0 
【myallocate.h: 151】__DefaultAllocTemplate<0,0>::deallocate使用一级空间配置器释放12Bytes个空间---0x00F0F7D0 
【myallocate.h: 151】__DefaultAllocTemplate<0,0>::deallocate使用一级空间配置器释放12Bytes个空间---0x00F0F7C0 
【myallocate.h: 151】__DefaultAllocTemplate<0,0>::deallocate使用一级空间配置器释放12Bytes个空间---0x00F0F7B0 
【myallocate.h: 151】__DefaultAllocTemplate<0,0>::deallocate使用一级空间配置器释放12Bytes个空间---0x00F0F7A0 
【myallocate.h: 151】__DefaultAllocTemplate<0,0>::deallocate使用一级空间配置器释放12Bytes个空间---0x00F0F790 
【myallocate.h: 151】__DefaultAllocTemplate<0,0>::deallocate使用一级空间配置器释放12Bytes个空间---0x00F0F780 
【myallocate.h: 151】__DefaultAllocTemplate<0,0>::deallocate使用一级空间配置器释放12Bytes个空间---0x00F0F770 
【myallocate.h: 151】__DefaultAllocTemplate<0,0>::deallocate使用一级空间配置器释放12Bytes个空间---0x00F0F760 
【myallocate.h: 151】__DefaultAllocTemplate<0,0>::deallocate使用一级空间配置器释放12Bytes个空间---0x00F0F750 
【myallocate.h: 151】__DefaultAllocTemplate<0,0>::deallocate使用一级空间配置器释放129Bytes个空间---0x00F07A00 
【myallocate.h: 82】_MallocAllocTemplate<0>::deallocate使用一级空间配置器释放129Bytes个空间---0x00F07A00 
【myallocate.h: 130】__DefaultAllocTemplate<0,0>::allocate使用二级空间配置器分配7 Bytes个空间
【myallocate.h: 169】__DefaultAllocTemplate<0,0>::Refill使用二级空间配置器向内存池申请8Bytes个空间
【myallocate.h: 198】__DefaultAllocTemplate<0,0>::ChuncAlloc使用二级空间配置器向内存池申请160Bytes个空间
【myallocate.h: 198】__DefaultAllocTemplate<0,0>::ChuncAlloc使用二级空间配置器向内存池申请160Bytes个空间
【myallocate.h: 205】__DefaultAllocTemplate<0,0>::ChuncAlloc内存池分配20个对象
【myallocate.h: 130】__DefaultAllocTemplate<0,0>::allocate使用二级空间配置器分配7 Bytes个空间
【myallocate.h: 130】__DefaultAllocTemplate<0,0>::allocate使用二级空间配置器分配7 Bytes个空间
【myallocate.h: 130】__DefaultAllocTemplate<0,0>::allocate使用二级空间配置器分配7 Bytes个空间
【myallocate.h: 130】__DefaultAllocTemplate<0,0>::allocate使用二级空间配置器分配7 Bytes个空间
【myallocate.h: 130】__DefaultAllocTemplate<0,0>::allocate使用二级空间配置器分配7 Bytes个空间
【myallocate.h: 130】__DefaultAllocTemplate<0,0>::allocate使用二级空间配置器分配7 Bytes个空间
【myallocate.h: 130】__DefaultAllocTemplate<0,0>::allocate使用二级空间配置器分配7 Bytes个空间
【myallocate.h: 130】__DefaultAllocTemplate<0,0>::allocate使用二级空间配置器分配7 Bytes个空间
【myallocate.h: 130】__DefaultAllocTemplate<0,0>::allocate使用二级空间配置器分配7 Bytes个空间
【myallocate.h: 130】__DefaultAllocTemplate<0,0>::allocate使用二级空间配置器分配7 Bytes个空间
【myallocate.h: 130】__DefaultAllocTemplate<0,0>::allocate使用二级空间配置器分配7 Bytes个空间
【myallocate.h: 130】__DefaultAllocTemplate<0,0>::allocate使用二级空间配置器分配7 Bytes个空间
【myallocate.h: 130】__DefaultAllocTemplate<0,0>::allocate使用二级空间配置器分配7 Bytes个空间
【myallocate.h: 130】__DefaultAllocTemplate<0,0>::allocate使用二级空间配置器分配7 Bytes个空间
【myallocate.h: 130】__DefaultAllocTemplate<0,0>::allocate使用二级空间配置器分配7 Bytes个空间
【myallocate.h: 130】__DefaultAllocTemplate<0,0>::allocate使用二级空间配置器分配7 Bytes个空间
【myallocate.h: 130】__DefaultAllocTemplate<0,0>::allocate使用二级空间配置器分配7 Bytes个空间
【myallocate.h: 130】__DefaultAllocTemplate<0,0>::allocate使用二级空间配置器分配7 Bytes个空间
【myallocate.h: 130】__DefaultAllocTemplate<0,0>::allocate使用二级空间配置器分配7 Bytes个空间
【myallocate.h: 130】__DefaultAllocTemplate<0,0>::allocate使用二级空间配置器分配7 Bytes个空间
【myallocate.h: 169】__DefaultAllocTemplate<0,0>::Refill使用二级空间配置器向内存池申请8Bytes个空间
【myallocate.h: 198】__DefaultAllocTemplate<0,0>::ChuncAlloc使用二级空间配置器向内存池申请160Bytes个空间
【myallocate.h: 205】__DefaultAllocTemplate<0,0>::ChuncAlloc内存池分配20个对象
【myallocate.h: 130】__DefaultAllocTemplate<0,0>::allocate使用二级空间配置器分配16 Bytes个空间
【myallocate.h: 130】__DefaultAllocTemplate<0,0>::allocate使用二级空间配置器分配16 Bytes个空间
【myallocate.h: 130】__DefaultAllocTemplate<0,0>::allocate使用二级空间配置器分配16 Bytes个空间
【myallocate.h: 130】__DefaultAllocTemplate<0,0>::allocate使用二级空间配置器分配16 Bytes个空间
【myallocate.h: 130】__DefaultAllocTemplate<0,0>::allocate使用二级空间配置器分配16 Bytes个空间
【myallocate.h: 130】__DefaultAllocTemplate<0,0>::allocate使用二级空间配置器分配16 Bytes个空间
【myallocate.h: 130】__DefaultAllocTemplate<0,0>::allocate使用二级空间配置器分配16 Bytes个空间
【myallocate.h: 130】__DefaultAllocTemplate<0,0>::allocate使用二级空间配置器分配16 Bytes个空间
【myallocate.h: 130】__DefaultAllocTemplate<0,0>::allocate使用二级空间配置器分配16 Bytes个空间
【myallocate.h: 130】__DefaultAllocTemplate<0,0>::allocate使用二级空间配置器分配16 Bytes个空间
【myallocate.h: 151】__DefaultAllocTemplate<0,0>::deallocate使用一级空间配置器释放16Bytes个空间---0x00F0F7E0 
【myallocate.h: 151】__DefaultAllocTemplate<0,0>::deallocate使用一级空间配置器释放16Bytes个空间---0x00F0F7D0 
【myallocate.h: 151】__DefaultAllocTemplate<0,0>::deallocate使用一级空间配置器释放16Bytes个空间---0x00F0F7C0 
【myallocate.h: 151】__DefaultAllocTemplate<0,0>::deallocate使用一级空间配置器释放16Bytes个空间---0x00F0F7B0 
【myallocate.h: 151】__DefaultAllocTemplate<0,0>::deallocate使用一级空间配置器释放16Bytes个空间---0x00F0F7A0 
【myallocate.h: 151】__DefaultAllocTemplate<0,0>::deallocate使用一级空间配置器释放16Bytes个空间---0x00F0F790 
【myallocate.h: 151】__DefaultAllocTemplate<0,0>::deallocate使用一级空间配置器释放16Bytes个空间---0x00F0F780 
【myallocate.h: 151】__DefaultAllocTemplate<0,0>::deallocate使用一级空间配置器释放16Bytes个空间---0x00F0F770 
【myallocate.h: 151】__DefaultAllocTemplate<0,0>::deallocate使用一级空间配置器释放16Bytes个空间---0x00F0F760 
【myallocate.h: 151】__DefaultAllocTemplate<0,0>::deallocate使用一级空间配置器释放16Bytes个空间---0x00F0F750 
【myallocate.h: 151】__DefaultAllocTemplate<0,0>::deallocate使用一级空间配置器释放7Bytes个空间---0x00F0FD10 
【myallocate.h: 151】__DefaultAllocTemplate<0,0>::deallocate使用一级空间配置器释放7Bytes个空间---0x00F0FD08 
【myallocate.h: 151】__DefaultAllocTemplate<0,0>::deallocate使用一级空间配置器释放7Bytes个空间---0x00F0FD00 
【myallocate.h: 151】__DefaultAllocTemplate<0,0>::deallocate使用一级空间配置器释放7Bytes个空间---0x00F0FCF8 
【myallocate.h: 151】__DefaultAllocTemplate<0,0>::deallocate使用一级空间配置器释放7Bytes个空间---0x00F0FCF0 
【myallocate.h: 151】__DefaultAllocTemplate<0,0>::deallocate使用一级空间配置器释放7Bytes个空间---0x00F0FCE8 
【myallocate.h: 151】__DefaultAllocTemplate<0,0>::deallocate使用一级空间配置器释放7Bytes个空间---0x00F0FCE0 
【myallocate.h: 151】__DefaultAllocTemplate<0,0>::deallocate使用一级空间配置器释放7Bytes个空间---0x00F0FCD8 
【myallocate.h: 151】__DefaultAllocTemplate<0,0>::deallocate使用一级空间配置器释放7Bytes个空间---0x00F0FCD0 
【myallocate.h: 151】__DefaultAllocTemplate<0,0>::deallocate使用一级空间配置器释放7Bytes个空间---0x00F0FCC8 
【myallocate.h: 151】__DefaultAllocTemplate<0,0>::deallocate使用一级空间配置器释放7Bytes个空间---0x00F0FCC0 
【myallocate.h: 151】__DefaultAllocTemplate<0,0>::deallocate使用一级空间配置器释放7Bytes个空间---0x00F0FCB8 
【myallocate.h: 151】__DefaultAllocTemplate<0,0>::deallocate使用一级空间配置器释放7Bytes个空间---0x00F0FCB0 
【myallocate.h: 151】__DefaultAllocTemplate<0,0>::deallocate使用一级空间配置器释放7Bytes个空间---0x00F0FCA8 
【myallocate.h: 151】__DefaultAllocTemplate<0,0>::deallocate使用一级空间配置器释放7Bytes个空间---0x00F0FCA0 
【myallocate.h: 151】__DefaultAllocTemplate<0,0>::deallocate使用一级空间配置器释放7Bytes个空间---0x00F0FC98 
【myallocate.h: 151】__DefaultAllocTemplate<0,0>::deallocate使用一级空间配置器释放7Bytes个空间---0x00F0FC90 
【myallocate.h: 151】__DefaultAllocTemplate<0,0>::deallocate使用一级空间配置器释放7Bytes个空间---0x00F0FC88 
【myallocate.h: 151】__DefaultAllocTemplate<0,0>::deallocate使用一级空间配置器释放7Bytes个空间---0x00F0FC80 
【myallocate.h: 151】__DefaultAllocTemplate<0,0>::deallocate使用一级空间配置器释放7Bytes个空间---0x00F0FC78 
【myallocate.h: 151】__DefaultAllocTemplate<0,0>::deallocate使用一级空间配置器释放7Bytes个空间---0x00F0FC70 
